<?xml version="1.0" encoding="UTF-8"?>
<!-- Generated by org.testng.reporters.JUnitReportReporter -->
<testsuite skipped="0" hostname="SG-L-7301093" name="com.TestNG_Basics.BasicTestNGTest" tests="1" failures="0" timestamp="2022-05-03T14:47:30 SGT" time="0.004" errors="0">
  <testcase name="googleTitleTest_TestCase" time="0.004" classname="com.TestNG_Basics.BasicTestNGTest"/>
  <system-out/>
</testsuite> <!-- com.TestNG_Basics.BasicTestNGTest -->
