<?xml version="1.0" encoding="UTF-8"?>
<!-- Generated by org.testng.reporters.JUnitReportReporter -->
<testsuite skipped="0" hostname="SG-L-7301093" name="com.TestNG_Basics.BasicAnnotations_And_ExecutionSequence" tests="1" failures="0" timestamp="2022-06-21T18:23:20 SGT" time="0.672" errors="0">
  <testcase name="googleTitleTest_TestCase" time="0.672" classname="com.TestNG_Basics.BasicAnnotations_And_ExecutionSequence"/>
  <system-out/>
</testsuite> <!-- com.TestNG_Basics.BasicAnnotations_And_ExecutionSequence -->
