<?xml version="1.0" encoding="UTF-8"?>
<!-- Generated by org.testng.reporters.JUnitReportReporter -->
<testsuite skipped="0" hostname="SG-L-7301093" name="com.TestNG_Basics.PairOf_BeforeMethod_TestCases_AfterMethod" tests="3" failures="0" timestamp="2022-06-21T18:23:20 SGT" time="18.110" errors="0">
  <testcase name="googleSearchTest_TestCase" time="6.121" classname="com.TestNG_Basics.PairOf_BeforeMethod_TestCases_AfterMethod"/>
  <system-out/>
  <testcase name="googleTitleTest_TestCase" time="6.081" classname="com.TestNG_Basics.PairOf_BeforeMethod_TestCases_AfterMethod"/>
  <system-out/>
  <testcase name="isGmailAvailable_TestCase" time="5.908" classname="com.TestNG_Basics.PairOf_BeforeMethod_TestCases_AfterMethod"/>
  <system-out/>
</testsuite> <!-- com.TestNG_Basics.PairOf_BeforeMethod_TestCases_AfterMethod -->
