<?xml version="1.0" encoding="UTF-8"?>
<!-- Generated by org.testng.reporters.JUnitReportReporter -->
<testsuite skipped="0" hostname="SG-L-7301093" name="com.TestNG_Basics.TestNGKeyword_InvocationCount" tests="5" failures="0" timestamp="2022-06-21T18:23:20 SGT" time="0.024" errors="0">
  <testcase name="invocationCount" time="0.003" classname="com.TestNG_Basics.TestNGKeyword_InvocationCount"/>
  <system-out/>
  <testcase name="invocationCount" time="0.003" classname="com.TestNG_Basics.TestNGKeyword_InvocationCount"/>
  <system-out/>
  <testcase name="invocationCount" time="0.002" classname="com.TestNG_Basics.TestNGKeyword_InvocationCount"/>
  <system-out/>
  <testcase name="invocationCount" time="0.013" classname="com.TestNG_Basics.TestNGKeyword_InvocationCount"/>
  <system-out/>
  <testcase name="invocationCount" time="0.003" classname="com.TestNG_Basics.TestNGKeyword_InvocationCount"/>
  <system-out/>
</testsuite> <!-- com.TestNG_Basics.TestNGKeyword_InvocationCount -->
