<?xml version="1.0" encoding="UTF-8"?>
<!-- Generated by org.testng.reporters.JUnitReportReporter -->
<testsuite skipped="0" hostname="SG-L-7301093" name="com.TestNG_Basics.AssertClass_For_Validation" tests="2" failures="0" timestamp="2022-06-21T18:23:20 SGT" time="12.209" errors="0">
  <testcase name="googleLogoTest" time="6.128" classname="com.TestNG_Basics.AssertClass_For_Validation"/>
  <system-out/>
  <testcase name="googleTitleTest" time="6.081" classname="com.TestNG_Basics.AssertClass_For_Validation"/>
  <system-out/>
</testsuite> <!-- com.TestNG_Basics.AssertClass_For_Validation -->
