<?xml version="1.0" encoding="UTF-8"?>
<!-- Generated by org.testng.reporters.JUnitReportReporter -->
<testsuite skipped="0" hostname="SG-L-7301093" name="com.TestNG_Basics.TestNGKeyword_dependsOnMethods" tests="3" failures="0" timestamp="2022-06-21T18:23:20 SGT" time="17.837" errors="0">
  <testcase name="googleTitleTest_TestCase" time="6.028" classname="com.TestNG_Basics.TestNGKeyword_dependsOnMethods"/>
  <system-out/>
  <testcase name="googleSearchTest_TestCase" time="5.860" classname="com.TestNG_Basics.TestNGKeyword_dependsOnMethods"/>
  <system-out/>
  <testcase name="isGmailAvailable_TestCase" time="5.949" classname="com.TestNG_Basics.TestNGKeyword_dependsOnMethods"/>
  <system-out/>
</testsuite> <!-- com.TestNG_Basics.TestNGKeyword_dependsOnMethods -->
