<?xml version="1.0" encoding="UTF-8"?>
<!-- Generated by org.testng.reporters.JUnitReportReporter -->
<testsuite skipped="0" hostname="SG-L-7301093" name="com.TestNG_Basics.Annotations_Priority_Group" tests="3" failures="0" timestamp="2022-05-03T15:36:40 SGT" time="20.014" errors="0">
  <testcase name="googleTitleTest_TestCase" time="7.250" classname="com.TestNG_Basics.Annotations_Priority_Group"/>
  <system-out/>
  <testcase name="googleSearchTest_TestCase" time="6.406" classname="com.TestNG_Basics.Annotations_Priority_Group"/>
  <system-out/>
  <testcase name="isGmailAvailable_TestCase" time="6.358" classname="com.TestNG_Basics.Annotations_Priority_Group"/>
  <system-out/>
</testsuite> <!-- com.TestNG_Basics.Annotations_Priority_Group -->
