<?xml version="1.0" encoding="UTF-8"?>
<!-- Generated by org.testng.reporters.JUnitReportReporter -->
<testsuite skipped="0" hostname="SG-L-7301093" name="com.Data_Driven.Parameterized_From_Excel" tests="10" failures="0" timestamp="2022-06-21T18:23:20 SGT" time="61.657" errors="0">
  <testcase name="faceBookAccount" time="6.080" classname="com.Data_Driven.Parameterized_From_Excel"/>
  <system-out/>
  <testcase name="faceBookAccount" time="5.951" classname="com.Data_Driven.Parameterized_From_Excel"/>
  <system-out/>
  <testcase name="faceBookAccount" time="6.471" classname="com.Data_Driven.Parameterized_From_Excel"/>
  <system-out/>
  <testcase name="faceBookAccount" time="5.949" classname="com.Data_Driven.Parameterized_From_Excel"/>
  <system-out/>
  <testcase name="faceBookAccount" time="6.086" classname="com.Data_Driven.Parameterized_From_Excel"/>
  <system-out/>
  <testcase name="faceBookAccount" time="6.053" classname="com.Data_Driven.Parameterized_From_Excel"/>
  <system-out/>
  <testcase name="faceBookAccount" time="6.271" classname="com.Data_Driven.Parameterized_From_Excel"/>
  <system-out/>
  <testcase name="faceBookAccount" time="6.304" classname="com.Data_Driven.Parameterized_From_Excel"/>
  <system-out/>
  <testcase name="faceBookAccount" time="6.345" classname="com.Data_Driven.Parameterized_From_Excel"/>
  <system-out/>
  <testcase name="faceBookAccount" time="6.147" classname="com.Data_Driven.Parameterized_From_Excel"/>
  <system-out/>
</testsuite> <!-- com.Data_Driven.Parameterized_From_Excel -->
