<?xml version="1.0" encoding="UTF-8"?>
<!-- Generated by org.testng.reporters.JUnitReportReporter -->
<testsuite skipped="0" hostname="SG-L-7301093" name="com.Maven_Tester_SelfExercise.Tester_Code" tests="2" failures="0" timestamp="2022-05-22T18:10:40 SGT" time="0.010" errors="0">
  <testcase name="userLogin1" time="0.009" classname="com.Maven_Tester_SelfExercise.Tester_Code"/>
  <system-out/>
  <testcase name="userLogin2" time="0.001" classname="com.Maven_Tester_SelfExercise.Tester_Code"/>
  <system-out/>
</testsuite> <!-- com.Maven_Tester_SelfExercise.Tester_Code -->
