<?xml version="1.0" encoding="UTF-8"?>
<!-- Generated by org.testng.reporters.JUnitReportReporter -->
<testsuite skipped="0" hostname="SG-L-7301093" name="com.SelfPractise_Selenium_Maven.Selenium_TestNG_Maven_Demo" tests="1" failures="0" timestamp="2022-05-22T19:09:17 SGT" time="6.878" errors="0">
  <testcase name="login" time="6.878" classname="com.SelfPractise_Selenium_Maven.Selenium_TestNG_Maven_Demo"/>
  <system-out/>
</testsuite> <!-- com.SelfPractise_Selenium_Maven.Selenium_TestNG_Maven_Demo -->
